<?xml version="1.0" encoding="UTF-8"?>
<!-- Generated by org.testng.reporters.JUnitXMLReporter -->
<testsuite ignored="0" hostname="DESKTOP-DNV1H71" failures="1" tests="1" name="Test" time="0.048" errors="0" timestamp="2020-01-04T11:49:18 IST">
  <testcase classname="adminlogin.logintest" name="f" time="0.011">
    <failure type="java.lang.NullPointerException">
      <![CDATA[java.lang.NullPointerException
at commands.actioncommands.navitate(actioncommands.java:23)
at adminlogin.logintest.f(logintest.java:16)
at java.base/java.util.ArrayList.forEach(ArrayList.java:1540)
... Removed 27 stack frames]]>
    </failure>
  </testcase> <!-- f -->
</testsuite> <!-- Test -->
