<?xml version="1.0" encoding="UTF-8"?>
<!-- Generated by org.testng.reporters.JUnitXMLReporter -->
<testsuite hostname="DESKTOP-DNV1H71" ignored="1" name="Test" tests="2" failures="0" timestamp="2019-11-03T12:50:59 IST" time="127.472" errors="0">
  <testcase name="positivelogin" time="56.007" classname="com.second.testng.testing2"/>
  <testcase name="thirdtest" time="2.799" classname="com.second.testng.testing2"/>
  <testcase name="negativelogin" time="0.0" classname="com.second.testng.testing2">
    <ignored/>
  </testcase> <!-- negativelogin -->
</testsuite> <!-- Test -->
