<?xml version="1.0" encoding="UTF-8"?>
<!-- Generated by org.testng.reporters.JUnitXMLReporter -->
<testsuite hostname="DESKTOP-DNV1H71" ignored="0" name="Default test" tests="5" failures="0" timestamp="2019-11-03T12:46:40 IST" time="527.461" errors="0">
  <testcase name="negativelogin" time="74.216" classname="com.second.testng.testing2"/>
  <testcase name="negativelogin" time="116.142" classname="com.second.testng.testing2"/>
  <testcase name="negativelogin" time="76.645" classname="com.second.testng.testing2"/>
  <testcase name="positivelogin" time="77.908" classname="com.second.testng.testing2"/>
  <testcase name="thirdtest" time="2.031" classname="com.second.testng.testing2"/>
</testsuite> <!-- Default test -->
